<?xml version="1.0" encoding="UTF-8"?>
<!-- Generated by org.testng.reporters.JUnitXMLReporter -->
<testsuite ignored="2" hostname="DESKTOP-AO9PN1L" failures="0" tests="1" name="Default test" time="315.717" errors="0" timestamp="2024-11-04T18:05:50 IST">
  <testcase classname="com.comcast.crm.contacttest.CreateContactTest" name="createContactTest" time="118.098"/>
  <testcase classname="com.comcast.crm.contacttest.CreateContactTest" name="createContactWithOrganisationTest" time="0.0">
    <ignored/>
  </testcase> <!-- createContactWithOrganisationTest -->
  <testcase classname="com.comcast.crm.contacttest.CreateContactTest" name="createContactWithSupportStartDateTest" time="0.0">
    <ignored/>
  </testcase> <!-- createContactWithSupportStartDateTest -->
</testsuite> <!-- Default test -->
