<?xml version="1.0" encoding="UTF-8"?>
<!-- Generated by org.testng.reporters.JUnitXMLReporter -->
<testsuite ignored="1" hostname="DESKTOP-AO9PN1L" failures="1" tests="1" name="Default test(failed)" time="20.138" errors="0" timestamp="2024-10-23T16:03:32 IST">
  <testcase classname="testngClass.ListenerPracticeTest" name="createOrgTest" time="0.064">
    <failure type="java.lang.AssertionError" message="null">
      <![CDATA[java.lang.AssertionError: null
at testngClass.ListenerPracticeTest.createOrgTest(ListenerPracticeTest.java:12)
at java.base/java.util.ArrayList.forEach(ArrayList.java:1511)
... Removed 29 stack frames]]>
    </failure>
  </testcase> <!-- createOrgTest -->
  <testcase classname="testngClass.ListenerPracticeTest" name="createOrgWithContact" time="0.0">
    <ignored/>
  </testcase> <!-- createOrgWithContact -->
</testsuite> <!-- Default test(failed) -->
