<?xml version="1.0" encoding="UTF-8"?>
<testng-results ignored="2" total="3" passed="1" failed="0" skipped="0">
  <reporter-output>
    <line>
      <![CDATA[Report cofiguration]]>
    </line>
    <line>
      <![CDATA[=====connected to DB=======]]>
    </line>
    <line>
      <![CDATA[====CHROME IS LAUNCHED SUCCESSFULLY====]]>
    </line>
    <line>
      <![CDATA[======Login is Successfull=====]]>
    </line>
    <line>
      <![CDATA[createContactTest>=========start==========>]]>
    </line>
    <line>
      <![CDATA[createContactTest>=========success==========>]]>
    </line>
    <line>
      <![CDATA[=====Logout is Successfull=====]]>
    </line>
    <line>
      <![CDATA[=====BROWSER IS CLOSED======]]>
    </line>
    <line>
      <![CDATA[=====database is closed=====]]>
    </line>
  </reporter-output>
  <suite started-at="2024-11-04T18:00:35 IST" name="Default suite" finished-at="2024-11-04T18:05:50 IST" duration-ms="315717">
    <groups>
      <group name="smokeTest">
        <method signature="CreateContactTest.createContactTest()[pri:0, instance:com.comcast.crm.contacttest.CreateContactTest@5524cca1]" name="createContactTest" class="com.comcast.crm.contacttest.CreateContactTest"/>
      </group> <!-- smokeTest -->
    </groups>
    <test started-at="2024-11-04T18:00:35 IST" name="Default test" finished-at="2024-11-04T18:05:50 IST" duration-ms="315717">
      <class name="com.comcast.crm.contacttest.CreateContactTest">
        <test-method is-config="true" signature="connectToDB()[pri:0, instance:com.comcast.crm.contacttest.CreateContactTest@5524cca1]" started-at="2024-11-04T18:00:30 IST" name="connectToDB" finished-at="2024-11-04T18:00:35 IST" duration-ms="4396" status="PASS">
          <reporter-output>
            <line>
              <![CDATA[=====connected to DB=======]]>
            </line>
          </reporter-output>
        </test-method> <!-- connectToDB -->
        <test-method is-config="true" signature="launchBrowser(java.lang.String)[pri:0, instance:com.comcast.crm.contacttest.CreateContactTest@5524cca1]" started-at="2024-11-04T18:00:35 IST" name="launchBrowser" finished-at="2024-11-04T18:02:23 IST" duration-ms="108421" status="PASS">
          <params>
            <param index="0">
              <value>
                <![CDATA[chrome]]>
              </value>
            </param>
          </params>
          <reporter-output>
            <line>
              <![CDATA[====CHROME IS LAUNCHED SUCCESSFULLY====]]>
            </line>
          </reporter-output>
        </test-method> <!-- launchBrowser -->
        <test-method is-config="true" signature="login()[pri:0, instance:com.comcast.crm.contacttest.CreateContactTest@5524cca1]" started-at="2024-11-04T18:02:23 IST" name="login" finished-at="2024-11-04T18:03:22 IST" duration-ms="59366" status="PASS">
          <reporter-output>
            <line>
              <![CDATA[======Login is Successfull=====]]>
            </line>
          </reporter-output>
        </test-method> <!-- login -->
        <test-method signature="createContactTest()[pri:0, instance:com.comcast.crm.contacttest.CreateContactTest@5524cca1]" started-at="2024-11-04T18:03:22 IST" name="createContactTest" finished-at="2024-11-04T18:05:21 IST" duration-ms="118098" status="PASS">
          <reporter-output>
            <line>
              <![CDATA[createContactTest>=========start==========>]]>
            </line>
            <line>
              <![CDATA[createContactTest>=========success==========>]]>
            </line>
          </reporter-output>
        </test-method> <!-- createContactTest -->
        <test-method is-config="true" signature="logout()[pri:0, instance:com.comcast.crm.contacttest.CreateContactTest@5524cca1]" started-at="2024-11-04T18:05:21 IST" name="logout" finished-at="2024-11-04T18:05:31 IST" duration-ms="10695" status="PASS">
          <reporter-output>
            <line>
              <![CDATA[=====Logout is Successfull=====]]>
            </line>
          </reporter-output>
        </test-method> <!-- logout -->
        <test-method is-config="true" signature="closeBrowser()[pri:0, instance:com.comcast.crm.contacttest.CreateContactTest@5524cca1]" started-at="2024-11-04T18:05:31 IST" name="closeBrowser" finished-at="2024-11-04T18:05:50 IST" duration-ms="19013" status="PASS">
          <reporter-output>
            <line>
              <![CDATA[=====BROWSER IS CLOSED======]]>
            </line>
          </reporter-output>
        </test-method> <!-- closeBrowser -->
        <test-method is-config="true" signature="closeDB()[pri:0, instance:com.comcast.crm.contacttest.CreateContactTest@5524cca1]" started-at="2024-11-04T18:05:50 IST" name="closeDB" finished-at="2024-11-04T18:05:50 IST" duration-ms="1" status="PASS">
          <reporter-output>
            <line>
              <![CDATA[=====database is closed=====]]>
            </line>
          </reporter-output>
        </test-method> <!-- closeDB -->
      </class> <!-- com.comcast.crm.contacttest.CreateContactTest -->
    </test> <!-- Default test -->
  </suite> <!-- Default suite -->
</testng-results>
