<?xml version="1.0" encoding="UTF-8"?>
<!-- Generated by org.testng.reporters.JUnitXMLReporter -->
<testsuite ignored="2" hostname="DESKTOP-AO9PN1L" failures="0" tests="6" name="testRunner_firefox" time="224.19" errors="0" timestamp="2024-10-21T16:34:02 IST">
  <testcase classname="com.comcast.crm.contacttest.CreateContactTest" name="createContactTest" time="32.841"/>
  <testcase classname="com.comcast.crm.contacttest.CreateContactTest" name="createContactWithOrganisationTest" time="34.028"/>
  <testcase classname="com.comcast.crm.contacttest.CreateContactTest" name="createContactWithSupportStartDateTest" time="26.115"/>
  <testcase classname="com.comcast.crm.leadtest.CreateLeadTest" name="createLeadTest" time="22.647"/>
  <testcase classname="com.comcast.crm.leadtest.CreateLeadTest" name="createLeadWithIndustryTest" time="17.769"/>
  <testcase classname="com.comcast.crm.leadtest.CreateLeadTest" name="createLeadWithLeadsourceTest" time="16.023"/>
  <testcase classname="com.comcast.crm.basetest.BaseClass" name="@BeforeSuite connectToDB" time="0.0">
    <ignored/>
  </testcase> <!-- @BeforeSuite connectToDB -->
  <testcase classname="com.comcast.crm.basetest.BaseClass" name="@AfterSuite closeDB" time="0.0">
    <ignored/>
  </testcase> <!-- @AfterSuite closeDB -->
</testsuite> <!-- testRunner_firefox -->
