<?xml version="1.0" encoding="UTF-8"?>
<!-- Generated by org.testng.reporters.JUnitXMLReporter -->
<testsuite ignored="0" hostname="DESKTOP-AO9PN1L" failures="0" tests="3" name="testRunner_01" time="225.061" errors="0" timestamp="2024-10-21T16:25:56 IST">
  <testcase classname="com.comcast.crm.contacttest.CreateContactTest" name="createContactTest" time="65.247"/>
  <testcase classname="com.comcast.crm.contacttest.CreateContactTest" name="createContactWithOrganisationTest" time="45.255"/>
  <testcase classname="com.comcast.crm.contacttest.CreateContactTest" name="createContactWithSupportStartDateTest" time="20.628"/>
</testsuite> <!-- testRunner_01 -->
