<?xml version="1.0" encoding="UTF-8"?>
<!-- Generated by org.testng.reporters.JUnitXMLReporter -->
<testsuite ignored="0" hostname="DESKTOP-AO9PN1L" failures="0" tests="3" name="Test_01" time="132.974" errors="0" timestamp="2024-10-24T15:18:26 IST">
  <testcase classname="com.comcast.crm.contacttest.CreateContactTest" name="createContactTest" time="31.512"/>
  <testcase classname="com.comcast.crm.contacttest.CreateContactTest" name="createContactWithOrganisationTest" time="34.816"/>
  <testcase classname="com.comcast.crm.contacttest.CreateContactTest" name="createContactWithSupportStartDateTest" time="22.943"/>
</testsuite> <!-- Test_01 -->
