<?xml version="1.0" encoding="UTF-8"?>
<!-- Generated by org.testng.reporters.JUnitXMLReporter -->
<testsuite ignored="2" hostname="DESKTOP-AO9PN1L" failures="0" tests="1" name="Test" time="112.957" errors="0" timestamp="2024-10-28T17:36:35 IST">
  <testcase classname="com.comcast.crm.leadtest.CreateLeadTest" name="createLeadTest" time="44.325"/>
  <testcase classname="com.comcast.crm.leadtest.CreateLeadTest" name="createLeadWithIndustryTest" time="0.0">
    <ignored/>
  </testcase> <!-- createLeadWithIndustryTest -->
  <testcase classname="com.comcast.crm.leadtest.CreateLeadTest" name="createLeadWithLeadsourceTest" time="0.0">
    <ignored/>
  </testcase> <!-- createLeadWithLeadsourceTest -->
</testsuite> <!-- Test -->
