<?xml version="1.0" encoding="UTF-8"?>
<!-- Generated by org.testng.reporters.JUnitXMLReporter -->
<testsuite ignored="0" hostname="DESKTOP-AO9PN1L" failures="0" tests="4" name="Test_02" time="145.458" errors="0" timestamp="2024-10-24T15:18:39 IST">
  <testcase classname="com.comcast.crm.orgtest.CreateOrganizationTest" name="createOrganisationAndDelete" time="39.473"/>
  <testcase classname="com.comcast.crm.orgtest.CreateOrganizationTest" name="createOrganisationWithIndustriesTest" time="20.113"/>
  <testcase classname="com.comcast.crm.orgtest.CreateOrganizationTest" name="createOrganisationWithPhoneNumberTest" time="21.039"/>
  <testcase classname="com.comcast.crm.orgtest.CreateOrganizationTest" name="createOrganizationTest" time="14.39"/>
</testsuite> <!-- Test_02 -->
