<?xml version="1.0" encoding="UTF-8"?>
<!-- Generated by org.testng.reporters.JUnitXMLReporter -->
<testsuite ignored="2" hostname="DESKTOP-AO9PN1L" failures="0" tests="6" name="testRunner_chrome" time="229.249" errors="0" timestamp="2024-10-21T16:34:07 IST">
  <testcase classname="com.comcast.crm.contacttest.CreateContactTest" name="createContactTest" time="41.033"/>
  <testcase classname="com.comcast.crm.contacttest.CreateContactTest" name="createContactWithOrganisationTest" time="36.198"/>
  <testcase classname="com.comcast.crm.contacttest.CreateContactTest" name="createContactWithSupportStartDateTest" time="21.129"/>
  <testcase classname="com.comcast.crm.leadtest.CreateLeadTest" name="createLeadTest" time="21.77"/>
  <testcase classname="com.comcast.crm.leadtest.CreateLeadTest" name="createLeadWithIndustryTest" time="19.654"/>
  <testcase classname="com.comcast.crm.leadtest.CreateLeadTest" name="createLeadWithLeadsourceTest" time="15.562"/>
  <testcase classname="com.comcast.crm.basetest.BaseClass" name="@AfterSuite closeDB" time="0.0">
    <ignored/>
  </testcase> <!-- @AfterSuite closeDB -->
  <testcase classname="com.comcast.crm.basetest.BaseClass" name="@BeforeSuite connectToDB" time="0.0">
    <ignored/>
  </testcase> <!-- @BeforeSuite connectToDB -->
</testsuite> <!-- testRunner_chrome -->
