<?xml version="1.0" encoding="UTF-8"?>
<!-- Generated by org.testng.reporters.JUnitXMLReporter -->
<testsuite ignored="0" hostname="DESKTOP-AO9PN1L" failures="0" tests="4" name="testRunner_03" time="237.795" errors="0" timestamp="2024-10-21T16:26:09 IST">
  <testcase classname="com.comcast.crm.orgtest.CreateOrganizationTest" name="createOrganisationAndDelete" time="75.408"/>
  <testcase classname="com.comcast.crm.orgtest.CreateOrganizationTest" name="createOrganisationWithIndustriesTest" time="23.372"/>
  <testcase classname="com.comcast.crm.orgtest.CreateOrganizationTest" name="createOrganisationWithPhoneNumberTest" time="18.779"/>
  <testcase classname="com.comcast.crm.orgtest.CreateOrganizationTest" name="createOrganizationTest" time="14.256"/>
</testsuite> <!-- testRunner_03 -->
