<?xml version="1.0" encoding="UTF-8"?>
<!-- Generated by org.testng.reporters.JUnitXMLReporter -->
<testsuite ignored="0" hostname="DESKTOP-AO9PN1L" failures="0" tests="3" name="testRunner_02" time="196.022" errors="0" timestamp="2024-10-21T16:25:27 IST">
  <testcase classname="com.comcast.crm.leadtest.CreateLeadTest" name="createLeadTest" time="49.183"/>
  <testcase classname="com.comcast.crm.leadtest.CreateLeadTest" name="createLeadWithIndustryTest" time="24.71"/>
  <testcase classname="com.comcast.crm.leadtest.CreateLeadTest" name="createLeadWithLeadsourceTest" time="19.585"/>
</testsuite> <!-- testRunner_02 -->
